root@83ae738a09e6:/home/atividades/sistema# ./atividade_sistema.sh 
Hit:1 http://security.ubuntu.com/ubuntu noble-security InRelease
Hit:2 http://archive.ubuntu.com/ubuntu noble InRelease
Hit:3 http://archive.ubuntu.com/ubuntu noble-updates InRelease
Hit:4 http://archive.ubuntu.com/ubuntu noble-backports InRelease
Reading package lists... Done
Reading package lists... Done
Building dependency tree... Done
Reading state information... Done
zip is already the newest version (3.0-13ubuntu0.2).
unzip is already the newest version (6.0-28ubuntu4.1).
The following additional packages will be installed:
  cron-daemon-common dbus dbus-bin dbus-daemon dbus-session-bus-common
  dbus-system-bus-common dmsetup gir1.2-girepository-2.0 gir1.2-glib-2.0 libargon2-1
  libcryptsetup12 libdbus-1-3 libdevmapper1.02.1 libfdisk1 libgirepository-1.0-1
  libglib2.0-0t64 libglib2.0-data libjson-c5 libkmod2 libpython3-stdlib libsystemd-shared
  libsystemd0 libudev1 libxml2 networkd-dispatcher python3 python3-dbus python3-gi
  python3-minimal python3.12 python3.12-minimal shared-mime-info systemd systemd-dev
  systemd-resolved systemd-timesyncd xdg-user-dirs
Suggested packages:
  anacron logrotate checksecurity supercat default-mta | mail-transport-agent
  default-dbus-session-bus | dbus-session-bus low-memory-monitor iw | wireless-tools
  python3-doc python3-tk python3-venv python-dbus-doc python3.12-venv python3.12-doc
  binutils binfmt-support systemd-container systemd-homed systemd-userdbd systemd-boot
  libfido2-1 libip4tc2 libqrencode4 libtss2-esys-3.0.2-0 libtss2-mu-4.0.1-0 libtss2-rc0
  libtss2-tcti-device0 polkitd
The following NEW packages will be installed:
  cron cron-daemon-common dbus dbus-bin dbus-daemon dbus-session-bus-common
  dbus-system-bus-common dmsetup gir1.2-girepository-2.0 gir1.2-glib-2.0 libargon2-1
  libcryptsetup12 libdbus-1-3 libdevmapper1.02.1 libfdisk1 libgirepository-1.0-1
  libglib2.0-0t64 libglib2.0-data libjson-c5 libkmod2 libpython3-stdlib libsystemd-shared
  libxml2 networkd-dispatcher python3 python3-dbus python3-gi python3-minimal python3.12
  python3.12-minimal shared-mime-info systemd systemd-dev systemd-resolved
  systemd-timesyncd xdg-user-dirs
The following packages will be upgraded:
  libsystemd0 libudev1
2 upgraded, 36 newly installed, 0 to remove and 0 not upgraded.
Need to get 14.5 MB of archives.
After this operation, 44.8 MB of additional disk space will be used.
Get:1 http://archive.ubuntu.com/ubuntu noble-updates/main amd64 python3.12-minimal amd64 3.12.3-1ubuntu0.7 [2342 kB]
Get:2 http://archive.ubuntu.com/ubuntu noble-updates/main amd64 python3-minimal amd64 3.12.3-0ubuntu2 [27.4 kB]
Get:3 http://archive.ubuntu.com/ubuntu noble-updates/main amd64 python3.12 amd64 3.12.3-1ubuntu0.7 [651 kB]
Get:4 http://archive.ubuntu.com/ubuntu noble-updates/main amd64 libpython3-stdlib amd64 3.12.3-0ubuntu2 [10.0 kB]
Get:5 http://archive.ubuntu.com/ubuntu noble-updates/main amd64 python3 amd64 3.12.3-0ubuntu2 [23.0 kB]
Get:6 http://archive.ubuntu.com/ubuntu noble/main amd64 libargon2-1 amd64 0~20190702+dfsg-4build1 [20.8 kB]
Get:7 http://archive.ubuntu.com/ubuntu noble-updates/main amd64 libudev1 amd64 255.4-1ubuntu8.10 [176 kB]
Get:8 http://archive.ubuntu.com/ubuntu noble-updates/main amd64 libdevmapper1.02.1 amd64 2:1.02.185-3ubuntu3.2 [139 kB]
Get:9 http://archive.ubuntu.com/ubuntu noble/main amd64 libjson-c5 amd64 0.17-1build1 [35.3 kB]
Get:10 http://archive.ubuntu.com/ubuntu noble-updates/main amd64 libcryptsetup12 amd64 2:2.7.0-1ubuntu4.2 [266 kB]
Get:11 http://archive.ubuntu.com/ubuntu noble-updates/main amd64 libfdisk1 amd64 2.39.3-9ubuntu6.3 [146 kB]
Get:12 http://archive.ubuntu.com/ubuntu noble-updates/main amd64 libkmod2 amd64 31+20240202-2ubuntu7.1 [51.7 kB]
Get:13 http://archive.ubuntu.com/ubuntu noble-updates/main amd64 libsystemd-shared amd64 255.4-1ubuntu8.10 [2074 kB]
Get:14 http://archive.ubuntu.com/ubuntu noble-updates/main amd64 libsystemd0 amd64 255.4-1ubuntu8.10 [434 kB]
Get:15 http://archive.ubuntu.com/ubuntu noble-updates/main amd64 systemd-dev all 255.4-1ubuntu8.10 [105 kB]
Get:16 http://archive.ubuntu.com/ubuntu noble-updates/main amd64 systemd amd64 255.4-1ubuntu8.10 [3475 kB]
Get:17 http://archive.ubuntu.com/ubuntu noble/main amd64 cron-daemon-common all 3.0pl1-184ubuntu2 [13.6 kB]
Get:18 http://archive.ubuntu.com/ubuntu noble/main amd64 cron amd64 3.0pl1-184ubuntu2 [85.3 kB]
Get:19 http://archive.ubuntu.com/ubuntu noble-updates/main amd64 libdbus-1-3 amd64 1.14.10-4ubuntu4.1 [210 kB]
Get:20 http://archive.ubuntu.com/ubuntu noble-updates/main amd64 dbus-bin amd64 1.14.10-4ubuntu4.1 [39.3 kB]
Get:21 http://archive.ubuntu.com/ubuntu noble-updates/main amd64 dbus-session-bus-common all 1.14.10-4ubuntu4.1 [80.5 kB]
Get:22 http://archive.ubuntu.com/ubuntu noble-updates/main amd64 dbus-daemon amd64 1.14.10-4ubuntu4.1 [118 kB]
Get:23 http://archive.ubuntu.com/ubuntu noble-updates/main amd64 dbus-system-bus-common all 1.14.10-4ubuntu4.1 [81.6 kB]
Get:24 http://archive.ubuntu.com/ubuntu noble-updates/main amd64 dbus amd64 1.14.10-4ubuntu4.1 [24.3 kB]
Get:25 http://archive.ubuntu.com/ubuntu noble-updates/main amd64 dmsetup amd64 2:1.02.185-3ubuntu3.2 [79.2 kB]
Get:26 http://archive.ubuntu.com/ubuntu noble-updates/main amd64 libglib2.0-0t64 amd64 2.80.0-6ubuntu3.4 [1544 kB]
Get:27 http://archive.ubuntu.com/ubuntu noble-updates/main amd64 gir1.2-glib-2.0 amd64 2.80.0-6ubuntu3.4 [183 kB]
Get:28 http://archive.ubuntu.com/ubuntu noble/main amd64 libgirepository-1.0-1 amd64 1.80.1-1 [81.9 kB]
Get:29 http://archive.ubuntu.com/ubuntu noble/main amd64 gir1.2-girepository-2.0 amd64 1.80.1-1 [24.5 kB]
Get:30 http://archive.ubuntu.com/ubuntu noble-updates/main amd64 libglib2.0-data all 2.80.0-6ubuntu3.4 [48.7 kB]
Get:31 http://archive.ubuntu.com/ubuntu noble-updates/main amd64 libxml2 amd64 2.9.14+dfsg-1.3ubuntu3.3 [762 kB]
Get:32 http://archive.ubuntu.com/ubuntu noble/main amd64 python3-dbus amd64 1.3.2-5build3 [100 kB]
Get:33 http://archive.ubuntu.com/ubuntu noble/main amd64 python3-gi amd64 3.48.2-1 [232 kB]
Get:34 http://archive.ubuntu.com/ubuntu noble/main amd64 networkd-dispatcher all 2.2.4-1 [15.5 kB]
Get:35 http://archive.ubuntu.com/ubuntu noble/main amd64 shared-mime-info amd64 2.4-4 [474 kB]
Get:36 http://archive.ubuntu.com/ubuntu noble-updates/main amd64 systemd-resolved amd64 255.4-1ubuntu8.10 [296 kB]
Get:37 http://archive.ubuntu.com/ubuntu noble-updates/main amd64 systemd-timesyncd amd64 255.4-1ubuntu8.10 [35.3 kB]
Get:38 http://archive.ubuntu.com/ubuntu noble/main amd64 xdg-user-dirs amd64 0.18-1build1 [18.4 kB]
Fetched 14.5 MB in 0s (37.2 MB/s)              
debconf: delaying package configuration, since apt-utils is not installed
Selecting previously unselected package python3.12-minimal.
(Reading database ... 11459 files and directories currently installed.)
Preparing to unpack .../python3.12-minimal_3.12.3-1ubuntu0.7_amd64.deb ...
Unpacking python3.12-minimal (3.12.3-1ubuntu0.7) ...
Setting up python3.12-minimal (3.12.3-1ubuntu0.7) ...
Selecting previously unselected package python3-minimal.
(Reading database ... 11470 files and directories currently installed.)
Preparing to unpack .../python3-minimal_3.12.3-0ubuntu2_amd64.deb ...
Unpacking python3-minimal (3.12.3-0ubuntu2) ...
Selecting previously unselected package python3.12.
Preparing to unpack .../python3.12_3.12.3-1ubuntu0.7_amd64.deb ...
Unpacking python3.12 (3.12.3-1ubuntu0.7) ...
Selecting previously unselected package libpython3-stdlib:amd64.
Preparing to unpack .../libpython3-stdlib_3.12.3-0ubuntu2_amd64.deb ...
Unpacking libpython3-stdlib:amd64 (3.12.3-0ubuntu2) ...
Setting up python3-minimal (3.12.3-0ubuntu2) ...
Selecting previously unselected package python3.
(Reading database ... 11516 files and directories currently installed.)
Preparing to unpack .../python3_3.12.3-0ubuntu2_amd64.deb ...
Unpacking python3 (3.12.3-0ubuntu2) ...
Selecting previously unselected package libargon2-1:amd64.
Preparing to unpack .../libargon2-1_0~20190702+dfsg-4build1_amd64.deb ...
Unpacking libargon2-1:amd64 (0~20190702+dfsg-4build1) ...
Preparing to unpack .../libudev1_255.4-1ubuntu8.10_amd64.deb ...
Unpacking libudev1:amd64 (255.4-1ubuntu8.10) over (255.4-1ubuntu8.8) ...
Setting up libudev1:amd64 (255.4-1ubuntu8.10) ...
Selecting previously unselected package libdevmapper1.02.1:amd64.
(Reading database ... 11541 files and directories currently installed.)
Preparing to unpack .../0-libdevmapper1.02.1_2%3a1.02.185-3ubuntu3.2_amd64.deb ...
Unpacking libdevmapper1.02.1:amd64 (2:1.02.185-3ubuntu3.2) ...
Selecting previously unselected package libjson-c5:amd64.
Preparing to unpack .../1-libjson-c5_0.17-1build1_amd64.deb ...
Unpacking libjson-c5:amd64 (0.17-1build1) ...
Selecting previously unselected package libcryptsetup12:amd64.
Preparing to unpack .../2-libcryptsetup12_2%3a2.7.0-1ubuntu4.2_amd64.deb ...
Unpacking libcryptsetup12:amd64 (2:2.7.0-1ubuntu4.2) ...
Selecting previously unselected package libfdisk1:amd64.
Preparing to unpack .../3-libfdisk1_2.39.3-9ubuntu6.3_amd64.deb ...
Unpacking libfdisk1:amd64 (2.39.3-9ubuntu6.3) ...
Selecting previously unselected package libkmod2:amd64.
Preparing to unpack .../4-libkmod2_31+20240202-2ubuntu7.1_amd64.deb ...
Unpacking libkmod2:amd64 (31+20240202-2ubuntu7.1) ...
Selecting previously unselected package libsystemd-shared:amd64.
Preparing to unpack .../5-libsystemd-shared_255.4-1ubuntu8.10_amd64.deb ...
Unpacking libsystemd-shared:amd64 (255.4-1ubuntu8.10) ...
Preparing to unpack .../6-libsystemd0_255.4-1ubuntu8.10_amd64.deb ...
Unpacking libsystemd0:amd64 (255.4-1ubuntu8.10) over (255.4-1ubuntu8.8) ...
Setting up libsystemd0:amd64 (255.4-1ubuntu8.10) ...
Selecting previously unselected package systemd-dev.
(Reading database ... 11580 files and directories currently installed.)
Preparing to unpack .../systemd-dev_255.4-1ubuntu8.10_all.deb ...
Unpacking systemd-dev (255.4-1ubuntu8.10) ...
Selecting previously unselected package systemd.
Preparing to unpack .../systemd_255.4-1ubuntu8.10_amd64.deb ...
Unpacking systemd (255.4-1ubuntu8.10) ...
Selecting previously unselected package cron-daemon-common.
Preparing to unpack .../cron-daemon-common_3.0pl1-184ubuntu2_all.deb ...
Unpacking cron-daemon-common (3.0pl1-184ubuntu2) ...
Setting up libargon2-1:amd64 (0~20190702+dfsg-4build1) ...
Setting up libdevmapper1.02.1:amd64 (2:1.02.185-3ubuntu3.2) ...
Setting up libjson-c5:amd64 (0.17-1build1) ...
Setting up libcryptsetup12:amd64 (2:2.7.0-1ubuntu4.2) ...
Setting up libfdisk1:amd64 (2.39.3-9ubuntu6.3) ...
Setting up libkmod2:amd64 (31+20240202-2ubuntu7.1) ...
Setting up libsystemd-shared:amd64 (255.4-1ubuntu8.10) ...
Setting up systemd-dev (255.4-1ubuntu8.10) ...
Setting up systemd (255.4-1ubuntu8.10) ...
Created symlink /etc/systemd/system/getty.target.wants/getty@tty1.service → /usr/lib/systemd/system/getty@.service.
Created symlink /etc/systemd/system/multi-user.target.wants/remote-fs.target → /usr/lib/systemd/system/remote-fs.target.
Created symlink /etc/systemd/system/sysinit.target.wants/systemd-pstore.service → /usr/lib/systemd/system/systemd-pstore.service.
Initializing machine ID from random generator.
/usr/lib/tmpfiles.d/cron-daemon-common.conf:1: Failed to resolve group 'crontab': No such process
/usr/lib/tmpfiles.d/systemd-network.conf:10: Failed to resolve user 'systemd-network': No such process
/usr/lib/tmpfiles.d/systemd-network.conf:11: Failed to resolve user 'systemd-network': No such process
/usr/lib/tmpfiles.d/systemd-network.conf:12: Failed to resolve user 'systemd-network': No such process
/usr/lib/tmpfiles.d/systemd-network.conf:13: Failed to resolve user 'systemd-network': No such process
/usr/lib/tmpfiles.d/systemd.conf:22: Failed to resolve group 'systemd-journal': No such process
/usr/lib/tmpfiles.d/systemd.conf:23: Failed to resolve group 'systemd-journal': No such process
/usr/lib/tmpfiles.d/systemd.conf:28: Failed to resolve group 'systemd-journal': No such process
/usr/lib/tmpfiles.d/systemd.conf:29: Failed to resolve group 'systemd-journal': No such process
/usr/lib/tmpfiles.d/systemd.conf:30: Failed to resolve group 'systemd-journal': No such process
Creating group 'systemd-journal' with GID 999.
Creating group 'systemd-network' with GID 998.
Creating user 'systemd-network' (systemd Network Management) with UID 998 and GID 998.
Setting up cron-daemon-common (3.0pl1-184ubuntu2) ...
Creating group 'crontab' with GID 997.
Selecting previously unselected package cron.
(Reading database ... 12580 files and directories currently installed.)
Preparing to unpack .../00-cron_3.0pl1-184ubuntu2_amd64.deb ...
Unpacking cron (3.0pl1-184ubuntu2) ...
Selecting previously unselected package libdbus-1-3:amd64.
Preparing to unpack .../01-libdbus-1-3_1.14.10-4ubuntu4.1_amd64.deb ...
Unpacking libdbus-1-3:amd64 (1.14.10-4ubuntu4.1) ...
Selecting previously unselected package dbus-bin.
Preparing to unpack .../02-dbus-bin_1.14.10-4ubuntu4.1_amd64.deb ...
Unpacking dbus-bin (1.14.10-4ubuntu4.1) ...
Selecting previously unselected package dbus-session-bus-common.
Preparing to unpack .../03-dbus-session-bus-common_1.14.10-4ubuntu4.1_all.deb ...
Unpacking dbus-session-bus-common (1.14.10-4ubuntu4.1) ...
Selecting previously unselected package dbus-daemon.
Preparing to unpack .../04-dbus-daemon_1.14.10-4ubuntu4.1_amd64.deb ...
Unpacking dbus-daemon (1.14.10-4ubuntu4.1) ...
Selecting previously unselected package dbus-system-bus-common.
Preparing to unpack .../05-dbus-system-bus-common_1.14.10-4ubuntu4.1_all.deb ...
Unpacking dbus-system-bus-common (1.14.10-4ubuntu4.1) ...
Selecting previously unselected package dbus.
Preparing to unpack .../06-dbus_1.14.10-4ubuntu4.1_amd64.deb ...
Unpacking dbus (1.14.10-4ubuntu4.1) ...
Selecting previously unselected package dmsetup.
Preparing to unpack .../07-dmsetup_2%3a1.02.185-3ubuntu3.2_amd64.deb ...
Unpacking dmsetup (2:1.02.185-3ubuntu3.2) ...
Selecting previously unselected package libglib2.0-0t64:amd64.
Preparing to unpack .../08-libglib2.0-0t64_2.80.0-6ubuntu3.4_amd64.deb ...
Unpacking libglib2.0-0t64:amd64 (2.80.0-6ubuntu3.4) ...
Selecting previously unselected package gir1.2-glib-2.0:amd64.
Preparing to unpack .../09-gir1.2-glib-2.0_2.80.0-6ubuntu3.4_amd64.deb ...
Unpacking gir1.2-glib-2.0:amd64 (2.80.0-6ubuntu3.4) ...
Selecting previously unselected package libgirepository-1.0-1:amd64.
Preparing to unpack .../10-libgirepository-1.0-1_1.80.1-1_amd64.deb ...
Unpacking libgirepository-1.0-1:amd64 (1.80.1-1) ...
Selecting previously unselected package gir1.2-girepository-2.0:amd64.
Preparing to unpack .../11-gir1.2-girepository-2.0_1.80.1-1_amd64.deb ...
Unpacking gir1.2-girepository-2.0:amd64 (1.80.1-1) ...
Selecting previously unselected package libglib2.0-data.
Preparing to unpack .../12-libglib2.0-data_2.80.0-6ubuntu3.4_all.deb ...
Unpacking libglib2.0-data (2.80.0-6ubuntu3.4) ...
Selecting previously unselected package libxml2:amd64.
Preparing to unpack .../13-libxml2_2.9.14+dfsg-1.3ubuntu3.3_amd64.deb ...
Unpacking libxml2:amd64 (2.9.14+dfsg-1.3ubuntu3.3) ...
Selecting previously unselected package python3-dbus.
Preparing to unpack .../14-python3-dbus_1.3.2-5build3_amd64.deb ...
Unpacking python3-dbus (1.3.2-5build3) ...
Selecting previously unselected package python3-gi.
Preparing to unpack .../15-python3-gi_3.48.2-1_amd64.deb ...
Unpacking python3-gi (3.48.2-1) ...
Selecting previously unselected package networkd-dispatcher.
Preparing to unpack .../16-networkd-dispatcher_2.2.4-1_all.deb ...
Unpacking networkd-dispatcher (2.2.4-1) ...
Selecting previously unselected package shared-mime-info.
Preparing to unpack .../17-shared-mime-info_2.4-4_amd64.deb ...
Unpacking shared-mime-info (2.4-4) ...
Selecting previously unselected package systemd-resolved.
Preparing to unpack .../18-systemd-resolved_255.4-1ubuntu8.10_amd64.deb ...
Unpacking systemd-resolved (255.4-1ubuntu8.10) ...
Selecting previously unselected package systemd-timesyncd.
Preparing to unpack .../19-systemd-timesyncd_255.4-1ubuntu8.10_amd64.deb ...
Unpacking systemd-timesyncd (255.4-1ubuntu8.10) ...
Selecting previously unselected package xdg-user-dirs.
Preparing to unpack .../20-xdg-user-dirs_0.18-1build1_amd64.deb ...
Unpacking xdg-user-dirs (0.18-1build1) ...
Setting up xdg-user-dirs (0.18-1build1) ...
Setting up python3.12 (3.12.3-1ubuntu0.7) ...
Setting up cron (3.0pl1-184ubuntu2) ...
invoke-rc.d: could not determine current runlevel
invoke-rc.d: policy-rc.d denied execution of start.
Created symlink /etc/systemd/system/multi-user.target.wants/cron.service → /usr/lib/systemd/system/cron.service.
Setting up libglib2.0-0t64:amd64 (2.80.0-6ubuntu3.4) ...
No schema files found: doing nothing.
Setting up libglib2.0-data (2.80.0-6ubuntu3.4) ...
Setting up libdbus-1-3:amd64 (1.14.10-4ubuntu4.1) ...
Setting up systemd-timesyncd (255.4-1ubuntu8.10) ...
Creating group 'systemd-timesync' with GID 996.
Creating user 'systemd-timesync' (systemd Time Synchronization) with UID 996 and GID 996.
Created symlink /etc/systemd/system/dbus-org.freedesktop.timesync1.service → /usr/lib/systemd/system/systemd-timesyncd.service.
Created symlink /etc/systemd/system/sysinit.target.wants/systemd-timesyncd.service → /usr/lib/systemd/system/systemd-timesyncd.service.
Setting up gir1.2-glib-2.0:amd64 (2.80.0-6ubuntu3.4) ...
Setting up dmsetup (2:1.02.185-3ubuntu3.2) ...
Setting up dbus-session-bus-common (1.14.10-4ubuntu4.1) ...
Setting up libgirepository-1.0-1:amd64 (1.80.1-1) ...
Setting up dbus-system-bus-common (1.14.10-4ubuntu4.1) ...
Setting up libxml2:amd64 (2.9.14+dfsg-1.3ubuntu3.3) ...
Setting up dbus-bin (1.14.10-4ubuntu4.1) ...
Setting up libpython3-stdlib:amd64 (3.12.3-0ubuntu2) ...
Setting up python3 (3.12.3-0ubuntu2) ...
running python rtupdate hooks for python3.12...
running python post-rtupdate hooks for python3.12...
Setting up dbus-daemon (1.14.10-4ubuntu4.1) ...
Setting up gir1.2-girepository-2.0:amd64 (1.80.1-1) ...
Setting up dbus (1.14.10-4ubuntu4.1) ...
Setting up python3-gi (3.48.2-1) ...
Setting up shared-mime-info (2.4-4) ...
Setting up systemd-resolved (255.4-1ubuntu8.10) ...
Converting /etc/resolv.conf to a symlink to /run/systemd/resolve/stub-resolv.conf...
mv: cannot move '/etc/resolv.conf' to '/etc/.resolv.conf.systemd-resolved.bak': Device or resource busy
Cannot take a backup of /etc/resolv.conf.
ln: failed to create symbolic link '/etc/resolv.conf': Device or resource busy
Cannot install symlink from /etc/resolv.conf to ../run/systemd/resolve/stub-resolv.conf
Creating group 'systemd-resolve' with GID 995.
Creating user 'systemd-resolve' (systemd Resolver) with UID 995 and GID 995.
Created symlink /etc/systemd/system/dbus-org.freedesktop.resolve1.service → /usr/lib/systemd/system/systemd-resolved.service.
Created symlink /etc/systemd/system/sysinit.target.wants/systemd-resolved.service → /usr/lib/systemd/system/systemd-resolved.service.
Setting up python3-dbus (1.3.2-5build3) ...
Setting up networkd-dispatcher (2.2.4-1) ...
Created symlink /etc/systemd/system/multi-user.target.wants/networkd-dispatcher.service → /usr/lib/systemd/system/networkd-dispatcher.service.
Processing triggers for libc-bin (2.39-0ubuntu8.5) ...
Saída do comando uname -a registrada em info_uname.txt
Saída do comando hostname -I registrada em info_hostname.txt
Nome do kernel: Linux
Bem-vindo ao sistema Linux!
Arquivo de boas-vindas criado.
updating: arquivo1.txt (stored 0%)
updating: arquivo2.txt (stored 0%)
Arquivos compactados em pacote.zip.
Arquivos originais removidos.
Archive:  pacote.zip
 extracting: arquivo1.txt            
 extracting: arquivo2.txt            
Arquivos extraídos de pacote.zip.
Usuário usuario_temp criado com senha definida.
uid=1002(usuario_temp) gid=1002(usuario_temp) groups=1002(usuario_temp)
Usuário usuario_temp existe.
info: Looking for files to backup/remove ...
info: Removing crontab ...
info: Removing user `usuario_temp' ...
Usuário usuario_temp removido.