root@83ae738a09e6:/home/atividades# cd mysql
root@83ae738a09e6:/home/atividades/mysql# chmod +x atividade_mysql.sh
root@83ae738a09e6:/home/atividades/mysql# ./atividade_mysql.sh 
Get:1 http://archive.ubuntu.com/ubuntu noble InRelease [256 kB]
Get:2 http://archive.ubuntu.com/ubuntu noble-updates InRelease [126 kB]                
Get:3 http://archive.ubuntu.com/ubuntu noble-backports InRelease [126 kB]
Get:4 http://security.ubuntu.com/ubuntu noble-security InRelease [126 kB]
Get:5 http://archive.ubuntu.com/ubuntu noble/universe amd64 Packages [19.3 MB]
Get:6 http://archive.ubuntu.com/ubuntu noble/restricted amd64 Packages [117 kB]
Get:7 http://archive.ubuntu.com/ubuntu noble/main amd64 Packages [1808 kB]
Get:8 http://archive.ubuntu.com/ubuntu noble/multiverse amd64 Packages [331 kB]          
Get:9 http://archive.ubuntu.com/ubuntu noble-updates/main amd64 Packages [1624 kB]   
Get:10 http://archive.ubuntu.com/ubuntu noble-updates/restricted amd64 Packages [1992 kB]
Get:11 http://archive.ubuntu.com/ubuntu noble-updates/multiverse amd64 Packages [45.2 kB]
Get:12 http://archive.ubuntu.com/ubuntu noble-updates/universe amd64 Packages [1444 kB]
Get:13 http://archive.ubuntu.com/ubuntu noble-backports/main amd64 Packages [48.8 kB]
Get:14 http://archive.ubuntu.com/ubuntu noble-backports/universe amd64 Packages [33.0 kB]
Get:15 http://security.ubuntu.com/ubuntu noble-security/restricted amd64 Packages [1879 kB]
Get:16 http://security.ubuntu.com/ubuntu noble-security/multiverse amd64 Packages [23.0 kB]
Get:17 http://security.ubuntu.com/ubuntu noble-security/main amd64 Packages [1287 kB]
Get:18 http://security.ubuntu.com/ubuntu noble-security/universe amd64 Packages [1131 kB]
Fetched 31.7 MB in 2s (19.4 MB/s)                          
Reading package lists... Done
Reading package lists... Done
Building dependency tree... Done
Reading state information... Done
The following additional packages will be installed:
  adduser krb5-locales libaio1t64 libbsd0 libcgi-fast-perl libcgi-pm-perl libclone-perl
  libedit2 libencode-locale-perl libevent-core-2.1-7t64 libevent-pthreads-2.1-7t64
  libfcgi-bin libfcgi-perl libfcgi0t64 libgdbm-compat4t64 libgdbm6t64 libgssapi-krb5-2
  libhtml-parser-perl libhtml-tagset-perl libhtml-template-perl libhttp-date-perl
  libhttp-message-perl libicu74 libio-html-perl libk5crypto3 libkeyutils1 libkrb5-3
  libkrb5support0 liblwp-mediatypes-perl libmecab2 libnuma1 libperl5.38t64
  libprotobuf-lite32t64 libtimedate-perl libtirpc-common libtirpc3t64 liburi-perl
  mecab-ipadic mecab-ipadic-utf8 mecab-utils mysql-client-8.0 mysql-client-core-8.0
  mysql-common mysql-server-8.0 mysql-server-core-8.0 perl perl-modules-5.38 psmisc
Suggested packages:
  liblocale-gettext-perl cron quota ecryptfs-utils gdbm-l10n krb5-doc krb5-user
  libdata-dump-perl libipc-sharedcache-perl libio-compress-brotli-perl
  libbusiness-isbn-perl libregexp-ipv6-perl libwww-perl mailx tinyca perl-doc
  libterm-readline-gnu-perl | libterm-readline-perl-perl make libtap-harness-archive-perl
The following NEW packages will be installed:
  adduser krb5-locales libaio1t64 libbsd0 libcgi-fast-perl libcgi-pm-perl libclone-perl
  libedit2 libencode-locale-perl libevent-core-2.1-7t64 libevent-pthreads-2.1-7t64
  libfcgi-bin libfcgi-perl libfcgi0t64 libgdbm-compat4t64 libgdbm6t64 libgssapi-krb5-2
  libhtml-parser-perl libhtml-tagset-perl libhtml-template-perl libhttp-date-perl
  libhttp-message-perl libicu74 libio-html-perl libk5crypto3 libkeyutils1 libkrb5-3
  libkrb5support0 liblwp-mediatypes-perl libmecab2 libnuma1 libperl5.38t64
  libprotobuf-lite32t64 libtimedate-perl libtirpc-common libtirpc3t64 liburi-perl
  mecab-ipadic mecab-ipadic-utf8 mecab-utils mysql-client-8.0 mysql-client-core-8.0
  mysql-common mysql-server mysql-server-8.0 mysql-server-core-8.0 perl perl-modules-5.38
  psmisc
0 upgraded, 49 newly installed, 0 to remove and 2 not upgraded.
Need to get 50.0 MB of archives.
After this operation, 334 MB of additional disk space will be used.
Get:1 http://archive.ubuntu.com/ubuntu noble/main amd64 adduser all 3.137ubuntu1 [101 kB]
Get:2 http://archive.ubuntu.com/ubuntu noble/main amd64 mysql-common all 5.8+1.1.0build1 [6746 B]
Get:3 http://archive.ubuntu.com/ubuntu noble-updates/main amd64 libbsd0 amd64 0.12.1-1build1.1 [41.2 kB]
Get:4 http://archive.ubuntu.com/ubuntu noble/main amd64 libedit2 amd64 3.1-20230828-1build1 [97.6 kB]
Get:5 http://archive.ubuntu.com/ubuntu noble-updates/main amd64 mysql-client-core-8.0 amd64 8.0.42-0ubuntu0.24.04.2 [2728 kB]
Get:6 http://archive.ubuntu.com/ubuntu noble-updates/main amd64 mysql-client-8.0 amd64 8.0.42-0ubuntu0.24.04.2 [22.4 kB]
Get:7 http://archive.ubuntu.com/ubuntu noble-updates/main amd64 libaio1t64 amd64 0.3.113-6build1.1 [7210 B]
Get:8 http://archive.ubuntu.com/ubuntu noble/main amd64 libevent-core-2.1-7t64 amd64 2.1.12-stable-9ubuntu2 [91.3 kB]
Get:9 http://archive.ubuntu.com/ubuntu noble/main amd64 libevent-pthreads-2.1-7t64 amd64 2.1.12-stable-9ubuntu2 [7982 B]
Get:10 http://archive.ubuntu.com/ubuntu noble-updates/main amd64 libicu74 amd64 74.2-1ubuntu3.1 [10.9 MB]
Get:11 http://archive.ubuntu.com/ubuntu noble/main amd64 libmecab2 amd64 0.996-14ubuntu4 [201 kB]
Get:12 http://archive.ubuntu.com/ubuntu noble/main amd64 libnuma1 amd64 2.0.18-1build1 [23.3 kB]
Get:13 http://archive.ubuntu.com/ubuntu noble-updates/main amd64 libprotobuf-lite32t64 amd64 3.21.12-8.2ubuntu0.2 [238 kB]
Get:14 http://archive.ubuntu.com/ubuntu noble-updates/main amd64 libkrb5support0 amd64 1.20.1-6ubuntu2.6 [34.4 kB]
Get:15 http://archive.ubuntu.com/ubuntu noble-updates/main amd64 libk5crypto3 amd64 1.20.1-6ubuntu2.6 [82.0 kB]
Get:16 http://archive.ubuntu.com/ubuntu noble/main amd64 libkeyutils1 amd64 1.6.3-3build1 [9490 B]
Get:17 http://archive.ubuntu.com/ubuntu noble-updates/main amd64 libkrb5-3 amd64 1.20.1-6ubuntu2.6 [348 kB]
Get:18 http://archive.ubuntu.com/ubuntu noble-updates/main amd64 libgssapi-krb5-2 amd64 1.20.1-6ubuntu2.6 [143 kB]
Get:19 http://archive.ubuntu.com/ubuntu noble/main amd64 libtirpc-common all 1.3.4+ds-1.1build1 [8094 B]
Get:20 http://archive.ubuntu.com/ubuntu noble/main amd64 libtirpc3t64 amd64 1.3.4+ds-1.1build1 [82.6 kB]
Get:21 http://archive.ubuntu.com/ubuntu noble-updates/main amd64 mysql-server-core-8.0 amd64 8.0.42-0ubuntu0.24.04.2 [17.5 MB]
Get:22 http://archive.ubuntu.com/ubuntu noble-updates/main amd64 perl-modules-5.38 all 5.38.2-3.2ubuntu0.1 [3110 kB]
Get:23 http://archive.ubuntu.com/ubuntu noble/main amd64 libgdbm6t64 amd64 1.23-5.1build1 [34.4 kB]
Get:24 http://archive.ubuntu.com/ubuntu noble/main amd64 libgdbm-compat4t64 amd64 1.23-5.1build1 [6710 B]
Get:25 http://archive.ubuntu.com/ubuntu noble-updates/main amd64 libperl5.38t64 amd64 5.38.2-3.2ubuntu0.1 [4871 kB]
Get:26 http://archive.ubuntu.com/ubuntu noble-updates/main amd64 perl amd64 5.38.2-3.2ubuntu0.1 [231 kB]
Get:27 http://archive.ubuntu.com/ubuntu noble/main amd64 psmisc amd64 23.7-1build1 [179 kB]
Get:28 http://archive.ubuntu.com/ubuntu noble-updates/main amd64 mysql-server-8.0 amd64 8.0.42-0ubuntu0.24.04.2 [1438 kB]
Get:29 http://archive.ubuntu.com/ubuntu noble-updates/main amd64 krb5-locales all 1.20.1-6ubuntu2.6 [14.8 kB]
Get:30 http://archive.ubuntu.com/ubuntu noble/main amd64 libhtml-tagset-perl all 3.20-6 [11.3 kB]
Get:31 http://archive.ubuntu.com/ubuntu noble/main amd64 liburi-perl all 5.27-1 [88.0 kB]
Get:32 http://archive.ubuntu.com/ubuntu noble/main amd64 libhtml-parser-perl amd64 3.81-1build3 [85.8 kB]
Get:33 http://archive.ubuntu.com/ubuntu noble/main amd64 libcgi-pm-perl all 4.63-1 [185 kB]
Get:34 http://archive.ubuntu.com/ubuntu noble-updates/main amd64 libfcgi0t64 amd64 2.4.2-2.1ubuntu0.24.04.1 [27.0 kB]
Get:35 http://archive.ubuntu.com/ubuntu noble/main amd64 libfcgi-perl amd64 0.82+ds-3build2 [21.7 kB]
Get:36 http://archive.ubuntu.com/ubuntu noble/main amd64 libcgi-fast-perl all 1:2.17-1 [10.3 kB]
Get:37 http://archive.ubuntu.com/ubuntu noble/main amd64 libclone-perl amd64 0.46-1build3 [10.7 kB]
Get:38 http://archive.ubuntu.com/ubuntu noble/main amd64 libencode-locale-perl all 1.05-3 [11.6 kB]
Get:39 http://archive.ubuntu.com/ubuntu noble-updates/main amd64 libfcgi-bin amd64 2.4.2-2.1ubuntu0.24.04.1 [11.2 kB]
Get:40 http://archive.ubuntu.com/ubuntu noble/main amd64 libhtml-template-perl all 2.97-2 [60.2 kB]
Get:41 http://archive.ubuntu.com/ubuntu noble/main amd64 libtimedate-perl all 2.3300-2 [34.0 kB]
Get:42 http://archive.ubuntu.com/ubuntu noble/main amd64 libhttp-date-perl all 6.06-1 [10.2 kB]
Get:43 http://archive.ubuntu.com/ubuntu noble/main amd64 libio-html-perl all 1.004-3 [15.9 kB]
Get:44 http://archive.ubuntu.com/ubuntu noble/main amd64 liblwp-mediatypes-perl all 6.04-2 [20.1 kB]
Get:45 http://archive.ubuntu.com/ubuntu noble/main amd64 libhttp-message-perl all 6.45-1ubuntu1 [78.2 kB]
Get:46 http://archive.ubuntu.com/ubuntu noble/main amd64 mecab-utils amd64 0.996-14ubuntu4 [4804 B]
Get:47 http://archive.ubuntu.com/ubuntu noble/main amd64 mecab-ipadic all 2.7.0-20070801+main-3 [6718 kB]
Get:48 http://archive.ubuntu.com/ubuntu noble/main amd64 mecab-ipadic-utf8 all 2.7.0-20070801+main-3 [4384 B]
Get:49 http://archive.ubuntu.com/ubuntu noble-updates/main amd64 mysql-server all 8.0.42-0ubuntu0.24.04.2 [9518 B]
Fetched 50.0 MB in 2s (20.1 MB/s)
debconf: delaying package configuration, since apt-utils is not installed
Selecting previously unselected package adduser.
(Reading database ... 8556 files and directories currently installed.)
Preparing to unpack .../adduser_3.137ubuntu1_all.deb ...
Unpacking adduser (3.137ubuntu1) ...
Setting up adduser (3.137ubuntu1) ...
Selecting previously unselected package mysql-common.
(Reading database ... 8604 files and directories currently installed.)
Preparing to unpack .../00-mysql-common_5.8+1.1.0build1_all.deb ...
Unpacking mysql-common (5.8+1.1.0build1) ...
Selecting previously unselected package libbsd0:amd64.
Preparing to unpack .../01-libbsd0_0.12.1-1build1.1_amd64.deb ...
Unpacking libbsd0:amd64 (0.12.1-1build1.1) ...
Selecting previously unselected package libedit2:amd64.
Preparing to unpack .../02-libedit2_3.1-20230828-1build1_amd64.deb ...
Unpacking libedit2:amd64 (3.1-20230828-1build1) ...
Selecting previously unselected package mysql-client-core-8.0.
Preparing to unpack .../03-mysql-client-core-8.0_8.0.42-0ubuntu0.24.04.2_amd64.deb ...
Unpacking mysql-client-core-8.0 (8.0.42-0ubuntu0.24.04.2) ...
Selecting previously unselected package mysql-client-8.0.
Preparing to unpack .../04-mysql-client-8.0_8.0.42-0ubuntu0.24.04.2_amd64.deb ...
Unpacking mysql-client-8.0 (8.0.42-0ubuntu0.24.04.2) ...
Selecting previously unselected package libaio1t64:amd64.
Preparing to unpack .../05-libaio1t64_0.3.113-6build1.1_amd64.deb ...
Unpacking libaio1t64:amd64 (0.3.113-6build1.1) ...
Selecting previously unselected package libevent-core-2.1-7t64:amd64.
Preparing to unpack .../06-libevent-core-2.1-7t64_2.1.12-stable-9ubuntu2_amd64.deb ...
Unpacking libevent-core-2.1-7t64:amd64 (2.1.12-stable-9ubuntu2) ...
Selecting previously unselected package libevent-pthreads-2.1-7t64:amd64.
Preparing to unpack .../07-libevent-pthreads-2.1-7t64_2.1.12-stable-9ubuntu2_amd64.deb ...
Unpacking libevent-pthreads-2.1-7t64:amd64 (2.1.12-stable-9ubuntu2) ...
Selecting previously unselected package libicu74:amd64.
Preparing to unpack .../08-libicu74_74.2-1ubuntu3.1_amd64.deb ...
Unpacking libicu74:amd64 (74.2-1ubuntu3.1) ...
Selecting previously unselected package libmecab2:amd64.
Preparing to unpack .../09-libmecab2_0.996-14ubuntu4_amd64.deb ...
Unpacking libmecab2:amd64 (0.996-14ubuntu4) ...
Selecting previously unselected package libnuma1:amd64.
Preparing to unpack .../10-libnuma1_2.0.18-1build1_amd64.deb ...
Unpacking libnuma1:amd64 (2.0.18-1build1) ...
Selecting previously unselected package libprotobuf-lite32t64:amd64.
Preparing to unpack .../11-libprotobuf-lite32t64_3.21.12-8.2ubuntu0.2_amd64.deb ...
Unpacking libprotobuf-lite32t64:amd64 (3.21.12-8.2ubuntu0.2) ...
Selecting previously unselected package libkrb5support0:amd64.
Preparing to unpack .../12-libkrb5support0_1.20.1-6ubuntu2.6_amd64.deb ...
Unpacking libkrb5support0:amd64 (1.20.1-6ubuntu2.6) ...
Selecting previously unselected package libk5crypto3:amd64.
Preparing to unpack .../13-libk5crypto3_1.20.1-6ubuntu2.6_amd64.deb ...
Unpacking libk5crypto3:amd64 (1.20.1-6ubuntu2.6) ...
Selecting previously unselected package libkeyutils1:amd64.
Preparing to unpack .../14-libkeyutils1_1.6.3-3build1_amd64.deb ...
Unpacking libkeyutils1:amd64 (1.6.3-3build1) ...
Selecting previously unselected package libkrb5-3:amd64.
Preparing to unpack .../15-libkrb5-3_1.20.1-6ubuntu2.6_amd64.deb ...
Unpacking libkrb5-3:amd64 (1.20.1-6ubuntu2.6) ...
Selecting previously unselected package libgssapi-krb5-2:amd64.
Preparing to unpack .../16-libgssapi-krb5-2_1.20.1-6ubuntu2.6_amd64.deb ...
Unpacking libgssapi-krb5-2:amd64 (1.20.1-6ubuntu2.6) ...
Selecting previously unselected package libtirpc-common.
Preparing to unpack .../17-libtirpc-common_1.3.4+ds-1.1build1_all.deb ...
Unpacking libtirpc-common (1.3.4+ds-1.1build1) ...
Selecting previously unselected package libtirpc3t64:amd64.
Preparing to unpack .../18-libtirpc3t64_1.3.4+ds-1.1build1_amd64.deb ...
Adding 'diversion of /lib/x86_64-linux-gnu/libtirpc.so.3 to /lib/x86_64-linux-gnu/libtirpc.so.3.usr-is-merged by libtirpc3t64'
Adding 'diversion of /lib/x86_64-linux-gnu/libtirpc.so.3.0.0 to /lib/x86_64-linux-gnu/libtirpc.so.3.0.0.usr-is-merged by libtirpc3t64'
Unpacking libtirpc3t64:amd64 (1.3.4+ds-1.1build1) ...
Selecting previously unselected package mysql-server-core-8.0.
Preparing to unpack .../19-mysql-server-core-8.0_8.0.42-0ubuntu0.24.04.2_amd64.deb ...
Unpacking mysql-server-core-8.0 (8.0.42-0ubuntu0.24.04.2) ...
Selecting previously unselected package perl-modules-5.38.
Preparing to unpack .../20-perl-modules-5.38_5.38.2-3.2ubuntu0.1_all.deb ...
Unpacking perl-modules-5.38 (5.38.2-3.2ubuntu0.1) ...
Selecting previously unselected package libgdbm6t64:amd64.
Preparing to unpack .../21-libgdbm6t64_1.23-5.1build1_amd64.deb ...
Unpacking libgdbm6t64:amd64 (1.23-5.1build1) ...
Selecting previously unselected package libgdbm-compat4t64:amd64.
Preparing to unpack .../22-libgdbm-compat4t64_1.23-5.1build1_amd64.deb ...
Unpacking libgdbm-compat4t64:amd64 (1.23-5.1build1) ...
Selecting previously unselected package libperl5.38t64:amd64.
Preparing to unpack .../23-libperl5.38t64_5.38.2-3.2ubuntu0.1_amd64.deb ...
Unpacking libperl5.38t64:amd64 (5.38.2-3.2ubuntu0.1) ...
Selecting previously unselected package perl.
Preparing to unpack .../24-perl_5.38.2-3.2ubuntu0.1_amd64.deb ...
Unpacking perl (5.38.2-3.2ubuntu0.1) ...
Selecting previously unselected package psmisc.
Preparing to unpack .../25-psmisc_23.7-1build1_amd64.deb ...
Unpacking psmisc (23.7-1build1) ...
Setting up mysql-common (5.8+1.1.0build1) ...
update-alternatives: using /etc/mysql/my.cnf.fallback to provide /etc/mysql/my.cnf (my.cnf) in auto mode
Selecting previously unselected package mysql-server-8.0.
(Reading database ... 11021 files and directories currently installed.)
Preparing to unpack .../00-mysql-server-8.0_8.0.42-0ubuntu0.24.04.2_amd64.deb ...
debconf: unable to initialize frontend: Dialog
debconf: (No usable dialog-like program is installed, so the dialog based frontend cannot be used. at /usr/share/perl5/Debconf/FrontEnd/Dialog.pm line 79.)
debconf: falling back to frontend: Readline
Unpacking mysql-server-8.0 (8.0.42-0ubuntu0.24.04.2) ...
Selecting previously unselected package krb5-locales.
Preparing to unpack .../01-krb5-locales_1.20.1-6ubuntu2.6_all.deb ...
Unpacking krb5-locales (1.20.1-6ubuntu2.6) ...
Selecting previously unselected package libhtml-tagset-perl.
Preparing to unpack .../02-libhtml-tagset-perl_3.20-6_all.deb ...
Unpacking libhtml-tagset-perl (3.20-6) ...
Selecting previously unselected package liburi-perl.
Preparing to unpack .../03-liburi-perl_5.27-1_all.deb ...
Unpacking liburi-perl (5.27-1) ...
Selecting previously unselected package libhtml-parser-perl:amd64.
Preparing to unpack .../04-libhtml-parser-perl_3.81-1build3_amd64.deb ...
Unpacking libhtml-parser-perl:amd64 (3.81-1build3) ...
Selecting previously unselected package libcgi-pm-perl.
Preparing to unpack .../05-libcgi-pm-perl_4.63-1_all.deb ...
Unpacking libcgi-pm-perl (4.63-1) ...
Selecting previously unselected package libfcgi0t64:amd64.
Preparing to unpack .../06-libfcgi0t64_2.4.2-2.1ubuntu0.24.04.1_amd64.deb ...
Unpacking libfcgi0t64:amd64 (2.4.2-2.1ubuntu0.24.04.1) ...
Selecting previously unselected package libfcgi-perl.
Preparing to unpack .../07-libfcgi-perl_0.82+ds-3build2_amd64.deb ...
Unpacking libfcgi-perl (0.82+ds-3build2) ...
Selecting previously unselected package libcgi-fast-perl.
Preparing to unpack .../08-libcgi-fast-perl_1%3a2.17-1_all.deb ...
Unpacking libcgi-fast-perl (1:2.17-1) ...
Selecting previously unselected package libclone-perl:amd64.
Preparing to unpack .../09-libclone-perl_0.46-1build3_amd64.deb ...
Unpacking libclone-perl:amd64 (0.46-1build3) ...
Selecting previously unselected package libencode-locale-perl.
Preparing to unpack .../10-libencode-locale-perl_1.05-3_all.deb ...
Unpacking libencode-locale-perl (1.05-3) ...
Selecting previously unselected package libfcgi-bin.
Preparing to unpack .../11-libfcgi-bin_2.4.2-2.1ubuntu0.24.04.1_amd64.deb ...
Unpacking libfcgi-bin (2.4.2-2.1ubuntu0.24.04.1) ...
Selecting previously unselected package libhtml-template-perl.
Preparing to unpack .../12-libhtml-template-perl_2.97-2_all.deb ...
Unpacking libhtml-template-perl (2.97-2) ...
Selecting previously unselected package libtimedate-perl.
Preparing to unpack .../13-libtimedate-perl_2.3300-2_all.deb ...
Unpacking libtimedate-perl (2.3300-2) ...
Selecting previously unselected package libhttp-date-perl.
Preparing to unpack .../14-libhttp-date-perl_6.06-1_all.deb ...
Unpacking libhttp-date-perl (6.06-1) ...
Selecting previously unselected package libio-html-perl.
Preparing to unpack .../15-libio-html-perl_1.004-3_all.deb ...
Unpacking libio-html-perl (1.004-3) ...
Selecting previously unselected package liblwp-mediatypes-perl.
Preparing to unpack .../16-liblwp-mediatypes-perl_6.04-2_all.deb ...
Unpacking liblwp-mediatypes-perl (6.04-2) ...
Selecting previously unselected package libhttp-message-perl.
Preparing to unpack .../17-libhttp-message-perl_6.45-1ubuntu1_all.deb ...
Unpacking libhttp-message-perl (6.45-1ubuntu1) ...
Selecting previously unselected package mecab-utils.
Preparing to unpack .../18-mecab-utils_0.996-14ubuntu4_amd64.deb ...
Unpacking mecab-utils (0.996-14ubuntu4) ...
Selecting previously unselected package mecab-ipadic.
Preparing to unpack .../19-mecab-ipadic_2.7.0-20070801+main-3_all.deb ...
Unpacking mecab-ipadic (2.7.0-20070801+main-3) ...
Selecting previously unselected package mecab-ipadic-utf8.
Preparing to unpack .../20-mecab-ipadic-utf8_2.7.0-20070801+main-3_all.deb ...
Unpacking mecab-ipadic-utf8 (2.7.0-20070801+main-3) ...
Selecting previously unselected package mysql-server.
Preparing to unpack .../21-mysql-server_8.0.42-0ubuntu0.24.04.2_all.deb ...
Unpacking mysql-server (8.0.42-0ubuntu0.24.04.2) ...
Setting up libprotobuf-lite32t64:amd64 (3.21.12-8.2ubuntu0.2) ...
Setting up libmecab2:amd64 (0.996-14ubuntu4) ...
Setting up libkeyutils1:amd64 (1.6.3-3build1) ...
Setting up libgdbm6t64:amd64 (1.23-5.1build1) ...
Setting up libgdbm-compat4t64:amd64 (1.23-5.1build1) ...
Setting up psmisc (23.7-1build1) ...
Setting up libfcgi0t64:amd64 (2.4.2-2.1ubuntu0.24.04.1) ...
Setting up libtirpc-common (1.3.4+ds-1.1build1) ...
Setting up libfcgi-bin (2.4.2-2.1ubuntu0.24.04.1) ...
Setting up krb5-locales (1.20.1-6ubuntu2.6) ...
Setting up libkrb5support0:amd64 (1.20.1-6ubuntu2.6) ...
Setting up perl-modules-5.38 (5.38.2-3.2ubuntu0.1) ...
Setting up mecab-utils (0.996-14ubuntu4) ...
Setting up libk5crypto3:amd64 (1.20.1-6ubuntu2.6) ...
Setting up libicu74:amd64 (74.2-1ubuntu3.1) ...
Setting up libnuma1:amd64 (2.0.18-1build1) ...
Setting up libaio1t64:amd64 (0.3.113-6build1.1) ...
Setting up libkrb5-3:amd64 (1.20.1-6ubuntu2.6) ...
Setting up libevent-core-2.1-7t64:amd64 (2.1.12-stable-9ubuntu2) ...
Setting up libperl5.38t64:amd64 (5.38.2-3.2ubuntu0.1) ...
Setting up libbsd0:amd64 (0.12.1-1build1.1) ...
Setting up mecab-ipadic (2.7.0-20070801+main-3) ...
Compiling IPA dictionary for Mecab.  This takes long time...
reading /usr/share/mecab/dic/ipadic/unk.def ... 40
emitting double-array: 100% |###########################################| 
/usr/share/mecab/dic/ipadic/model.def is not found. skipped.
reading /usr/share/mecab/dic/ipadic/Noun.name.csv ... 34202
reading /usr/share/mecab/dic/ipadic/Postp.csv ... 146
reading /usr/share/mecab/dic/ipadic/Noun.place.csv ... 72999
reading /usr/share/mecab/dic/ipadic/Auxil.csv ... 199
reading /usr/share/mecab/dic/ipadic/Noun.demonst.csv ... 120
reading /usr/share/mecab/dic/ipadic/Noun.number.csv ... 42
reading /usr/share/mecab/dic/ipadic/Noun.verbal.csv ... 12146
reading /usr/share/mecab/dic/ipadic/Prefix.csv ... 221
reading /usr/share/mecab/dic/ipadic/Others.csv ... 2
reading /usr/share/mecab/dic/ipadic/Filler.csv ... 19
reading /usr/share/mecab/dic/ipadic/Noun.csv ... 60477
reading /usr/share/mecab/dic/ipadic/Noun.org.csv ... 16668
reading /usr/share/mecab/dic/ipadic/Adj.csv ... 27210
reading /usr/share/mecab/dic/ipadic/Noun.proper.csv ... 27328
reading /usr/share/mecab/dic/ipadic/Noun.adverbal.csv ... 795
reading /usr/share/mecab/dic/ipadic/Adverb.csv ... 3032
reading /usr/share/mecab/dic/ipadic/Verb.csv ... 130750
reading /usr/share/mecab/dic/ipadic/Symbol.csv ... 208
reading /usr/share/mecab/dic/ipadic/Noun.others.csv ... 151
reading /usr/share/mecab/dic/ipadic/Postp-col.csv ... 91
reading /usr/share/mecab/dic/ipadic/Suffix.csv ... 1393
reading /usr/share/mecab/dic/ipadic/Interjection.csv ... 252
reading /usr/share/mecab/dic/ipadic/Conjunction.csv ... 171
reading /usr/share/mecab/dic/ipadic/Noun.nai.csv ... 42
reading /usr/share/mecab/dic/ipadic/Adnominal.csv ... 135
reading /usr/share/mecab/dic/ipadic/Noun.adjv.csv ... 3328
emitting double-array: 100% |###########################################| 
reading /usr/share/mecab/dic/ipadic/matrix.def ... 1316x1316
emitting matrix      : 100% |###########################################| 

done!
update-alternatives: using /var/lib/mecab/dic/ipadic to provide /var/lib/mecab/dic/debian (mecab-dictionary) in auto mode
Setting up libevent-pthreads-2.1-7t64:amd64 (2.1.12-stable-9ubuntu2) ...
Setting up libedit2:amd64 (3.1-20230828-1build1) ...
Setting up perl (5.38.2-3.2ubuntu0.1) ...
Setting up libgssapi-krb5-2:amd64 (1.20.1-6ubuntu2.6) ...
Setting up libio-html-perl (1.004-3) ...
Setting up mecab-ipadic-utf8 (2.7.0-20070801+main-3) ...
Compiling IPA dictionary for Mecab.  This takes long time...
reading /usr/share/mecab/dic/ipadic/unk.def ... 40
emitting double-array: 100% |###########################################| 
/usr/share/mecab/dic/ipadic/model.def is not found. skipped.
reading /usr/share/mecab/dic/ipadic/Noun.name.csv ... 34202
reading /usr/share/mecab/dic/ipadic/Postp.csv ... 146
reading /usr/share/mecab/dic/ipadic/Noun.place.csv ... 72999
reading /usr/share/mecab/dic/ipadic/Auxil.csv ... 199
reading /usr/share/mecab/dic/ipadic/Noun.demonst.csv ... 120
reading /usr/share/mecab/dic/ipadic/Noun.number.csv ... 42
reading /usr/share/mecab/dic/ipadic/Noun.verbal.csv ... 12146
reading /usr/share/mecab/dic/ipadic/Prefix.csv ... 221
reading /usr/share/mecab/dic/ipadic/Others.csv ... 2
reading /usr/share/mecab/dic/ipadic/Filler.csv ... 19
reading /usr/share/mecab/dic/ipadic/Noun.csv ... 60477
reading /usr/share/mecab/dic/ipadic/Noun.org.csv ... 16668
reading /usr/share/mecab/dic/ipadic/Adj.csv ... 27210
reading /usr/share/mecab/dic/ipadic/Noun.proper.csv ... 27328
reading /usr/share/mecab/dic/ipadic/Noun.adverbal.csv ... 795
reading /usr/share/mecab/dic/ipadic/Adverb.csv ... 3032
reading /usr/share/mecab/dic/ipadic/Verb.csv ... 130750
reading /usr/share/mecab/dic/ipadic/Symbol.csv ... 208
reading /usr/share/mecab/dic/ipadic/Noun.others.csv ... 151
reading /usr/share/mecab/dic/ipadic/Postp-col.csv ... 91
reading /usr/share/mecab/dic/ipadic/Suffix.csv ... 1393
reading /usr/share/mecab/dic/ipadic/Interjection.csv ... 252
reading /usr/share/mecab/dic/ipadic/Conjunction.csv ... 171
reading /usr/share/mecab/dic/ipadic/Noun.nai.csv ... 42
reading /usr/share/mecab/dic/ipadic/Adnominal.csv ... 135
reading /usr/share/mecab/dic/ipadic/Noun.adjv.csv ... 3328
emitting double-array: 100% |###########################################| 
reading /usr/share/mecab/dic/ipadic/matrix.def ... 1316x1316
emitting matrix      : 100% |###########################################| 

done!
update-alternatives: using /var/lib/mecab/dic/ipadic-utf8 to provide /var/lib/mecab/dic/debian (mecab-dictionary) in auto mode
Setting up libtimedate-perl (2.3300-2) ...
Setting up libfcgi-perl (0.82+ds-3build2) ...
Setting up liburi-perl (5.27-1) ...
Setting up libhttp-date-perl (6.06-1) ...
Setting up mysql-client-core-8.0 (8.0.42-0ubuntu0.24.04.2) ...
Setting up libtirpc3t64:amd64 (1.3.4+ds-1.1build1) ...
Setting up libclone-perl:amd64 (0.46-1build3) ...
Setting up libhtml-tagset-perl (3.20-6) ...
Setting up liblwp-mediatypes-perl (6.04-2) ...
Setting up libencode-locale-perl (1.05-3) ...
Setting up mysql-server-core-8.0 (8.0.42-0ubuntu0.24.04.2) ...
Setting up libhtml-parser-perl:amd64 (3.81-1build3) ...
Setting up mysql-client-8.0 (8.0.42-0ubuntu0.24.04.2) ...
Setting up libhttp-message-perl (6.45-1ubuntu1) ...
Setting up mysql-server-8.0 (8.0.42-0ubuntu0.24.04.2) ...
debconf: unable to initialize frontend: Dialog
debconf: (No usable dialog-like program is installed, so the dialog based frontend cannot be used. at /usr/share/perl5/Debconf/FrontEnd/Dialog.pm line 79.)
debconf: falling back to frontend: Readline
invoke-rc.d: could not determine current runlevel
invoke-rc.d: policy-rc.d denied execution of stop.
update-alternatives: using /etc/mysql/mysql.cnf to provide /etc/mysql/my.cnf (my.cnf) in auto mode
Renaming removed key_buffer and myisam-recover options (if present)

mysqld will log errors to /var/log/mysql/error.log
mysqld is running as pid 868
invoke-rc.d: could not determine current runlevel
invoke-rc.d: policy-rc.d denied execution of start.
Setting up libcgi-pm-perl (4.63-1) ...
Setting up libhtml-template-perl (2.97-2) ...
Setting up mysql-server (8.0.42-0ubuntu0.24.04.2) ...
Setting up libcgi-fast-perl (1:2.17-1) ...
Processing triggers for libc-bin (2.39-0ubuntu8.5) ...
 * Starting MySQL database server mysqld                                                    su: warning: cannot change directory to /nonexistent: No such file or directory
                                                                                     [ OK ]
 * /usr/bin/mysqladmin  Ver 8.0.42-0ubuntu0.24.04.2 for Linux on x86_64 ((Ubuntu))
Copyright (c) 2000, 2025, Oracle and/or its affiliates.

Oracle is a registered trademark of Oracle Corporation and/or its
affiliates. Other names may be trademarks of their respective
owners.

Server version          8.0.42-0ubuntu0.24.04.2
Protocol version        10
Connection              Localhost via UNIX socket
UNIX socket             /var/run/mysqld/mysqld.sock
Uptime:                 1 sec

Threads: 2  Questions: 8  Slow queries: 0  Opens: 119  Flush tables: 3  Open tables: 38  Queries per second avg: 8.000
id      nome    email
1       skibidi toilet@dopdop.yesyes
2       roblox  roblox@roblox.robux
id      nome    preco
1       rtx 9090 TI Super       350000.00
2       monitor de 700Ghz       90000.00
id      cliente_id      produto_id      quantidade
1       1       1       1
2       2       2       2
Atividade MySQL concluída. Banco, tabelas e dados criados e exibidos.
root@83ae738a09e6:/home/atividades/mysql# 